[2016-10-27 18:36:51] local.INFO: {"id":2,"firstname":"hinata","lastname":"great","email":"hinate@great.com","avatar":"1474160631.jpg ","phonenum":"13466","street":"koni","aptNo":554,"state":"east","country":"leaf","zipcode":5451,"isAdmin":0,"created_at":null,"updated_at":null}  
[2016-10-27 18:36:51] local.INFO: 2  
[2016-10-27 18:36:51] local.INFO: {"id":3,"firstname":"Holly","lastname":"Stark","email":"grayce.thompson@gmail.com","avatar":"default.png","phonenum":"(754) 357-5604","street":"numquam","aptNo":3260,"state":"PH","country":"USA","zipcode":97654,"isAdmin":0,"created_at":null,"updated_at":null}  
[2016-10-27 18:36:51] local.INFO: 3  
[2016-10-27 18:36:51] local.INFO: {"id":3,"firstname":"Holly","lastname":"Stark","email":"grayce.thompson@gmail.com","avatar":"default.png","phonenum":"(754) 357-5604","street":"numquam","aptNo":3260,"state":"PH","country":"USA","zipcode":97654,"isAdmin":0,"created_at":null,"updated_at":null}  
[2016-10-27 18:36:51] local.INFO: 3  
[2016-10-27 18:36:51] local.INFO: {"id":3,"firstname":"Holly","lastname":"Stark","email":"grayce.thompson@gmail.com","avatar":"default.png","phonenum":"(754) 357-5604","street":"numquam","aptNo":3260,"state":"PH","country":"USA","zipcode":97654,"isAdmin":0,"created_at":null,"updated_at":null}  
[2016-10-27 18:36:51] local.INFO: 4  
[2016-10-27 18:36:51] local.ERROR: PDOException: SQLSTATE[HY000]: General error: 1364 Field 'user_card' doesn't have a default value in /home/sandeep/charity/views/github/charityfoundation/vendor/laravel/framework/src/Illuminate/Database/Connection.php:480
Stack trace:
#0 /home/sandeep/charity/views/github/charityfoundation/vendor/laravel/framework/src/Illuminate/Database/Connection.php(480): PDOStatement->execute()
#1 /home/sandeep/charity/views/github/charityfoundation/vendor/laravel/framework/src/Illuminate/Database/Connection.php(757): Illuminate\Database\Connection->Illuminate\Database\{closure}(Object(Illuminate\Database\MySqlConnection), 'insert into `Do...', Array)
#2 /home/sandeep/charity/views/github/charityfoundation/vendor/laravel/framework/src/Illuminate/Database/Connection.php(720): Illuminate\Database\Connection->runQueryCallback('insert into `Do...', Array, Object(Closure))
#3 /home/sandeep/charity/views/github/charityfoundation/vendor/laravel/framework/src/Illuminate/Database/Connection.php(481): Illuminate\Database\Connection->run('insert into `Do...', Array, Object(Closure))
#4 /home/sandeep/charity/views/github/charityfoundation/vendor/laravel/framework/src/Illuminate/Database/Connection.php(435): Illuminate\Database\Connection->statement('insert into `Do...', Array)
#5 /home/sandeep/charity/views/github/charityfoundation/vendor/laravel/framework/src/Illuminate/Database/Query/Builder.php(2126): Illuminate\Database\Connection->insert('insert into `Do...', Array)
#6 /home/sandeep/charity/views/github/charityfoundation/vendor/laravel/framework/src/Illuminate/Database/Eloquent/Relations/BelongsToMany.php(1031): Illuminate\Database\Query\Builder->insert(Array)
#7 /home/sandeep/charity/views/github/charityfoundation/database/seeds/DonateProjectSeeder.php(19): Illuminate\Database\Eloquent\Relations\BelongsToMany->attach(Array)
#8 /home/sandeep/charity/views/github/charityfoundation/vendor/laravel/framework/src/Illuminate/Database/Seeder.php(39): DonateProjectSeeder->run()
#9 /home/sandeep/charity/views/github/charityfoundation/database/seeds/DatabaseSeeder.php(20): Illuminate\Database\Seeder->call('DonateProjectSe...')
#10 /home/sandeep/charity/views/github/charityfoundation/vendor/laravel/framework/src/Illuminate/Database/Console/Seeds/SeedCommand.php(63): DatabaseSeeder->run()
#11 /home/sandeep/charity/views/github/charityfoundation/vendor/laravel/framework/src/Illuminate/Database/Eloquent/Model.php(2280): Illuminate\Database\Console\Seeds\SeedCommand->Illuminate\Database\Console\Seeds\{closure}()
#12 /home/sandeep/charity/views/github/charityfoundation/vendor/laravel/framework/src/Illuminate/Database/Console/Seeds/SeedCommand.php(64): Illuminate\Database\Eloquent\Model::unguarded(Object(Closure))
#13 [internal function]: Illuminate\Database\Console\Seeds\SeedCommand->fire()
#14 /home/sandeep/charity/views/github/charityfoundation/vendor/laravel/framework/src/Illuminate/Container/Container.php(508): call_user_func_array(Array, Array)
#15 /home/sandeep/charity/views/github/charityfoundation/vendor/laravel/framework/src/Illuminate/Console/Command.php(169): Illuminate\Container\Container->call(Array)
#16 /home/sandeep/charity/views/github/charityfoundation/vendor/symfony/console/Command/Command.php(256): Illuminate\Console\Command->execute(Object(Symfony\Component\Console\Input\ArrayInput), Object(Illuminate\Console\OutputStyle))
#17 /home/sandeep/charity/views/github/charityfoundation/vendor/laravel/framework/src/Illuminate/Console/Command.php(155): Symfony\Component\Console\Command\Command->run(Object(Symfony\Component\Console\Input\ArrayInput), Object(Illuminate\Console\OutputStyle))
#18 /home/sandeep/charity/views/github/charityfoundation/vendor/laravel/framework/src/Illuminate/Console/Command.php(185): Illuminate\Console\Command->run(Object(Symfony\Component\Console\Input\ArrayInput), Object(Illuminate\Console\OutputStyle))
#19 /home/sandeep/charity/views/github/charityfoundation/vendor/laravel/framework/src/Illuminate/Database/Console/Migrations/RefreshCommand.php(96): Illuminate\Console\Command->call('db:seed', Array)
#20 /home/sandeep/charity/views/github/charityfoundation/vendor/laravel/framework/src/Illuminate/Database/Console/Migrations/RefreshCommand.php(69): Illuminate\Database\Console\Migrations\RefreshCommand->runSeeder(NULL)
#21 [internal function]: Illuminate\Database\Console\Migrations\RefreshCommand->fire()
#22 /home/sandeep/charity/views/github/charityfoundation/vendor/laravel/framework/src/Illuminate/Container/Container.php(508): call_user_func_array(Array, Array)
#23 /home/sandeep/charity/views/github/charityfoundation/vendor/laravel/framework/src/Illuminate/Console/Command.php(169): Illuminate\Container\Container->call(Array)
#24 /home/sandeep/charity/views/github/charityfoundation/vendor/symfony/console/Command/Command.php(256): Illuminate\Console\Command->execute(Object(Symfony\Component\Console\Input\ArgvInput), Object(Symfony\Component\Console\Output\ConsoleOutput))
#25 /home/sandeep/charity/views/github/charityfoundation/vendor/laravel/framework/src/Illuminate/Console/Command.php(155): Symfony\Component\Console\Command\Command->run(Object(Symfony\Component\Console\Input\ArgvInput), Object(Symfony\Component\Console\Output\ConsoleOutput))
#26 /home/sandeep/charity/views/github/charityfoundation/vendor/symfony/console/Application.php(820): Illuminate\Console\Command->run(Object(Symfony\Component\Console\Input\ArgvInput), Object(Symfony\Component\Console\Output\ConsoleOutput))
#27 /home/sandeep/charity/views/github/charityfoundation/vendor/symfony/console/Application.php(187): Symfony\Component\Console\Application->doRunCommand(Object(Illuminate\Database\Console\Migrations\RefreshCommand), Object(Symfony\Component\Console\Input\ArgvInput), Object(Symfony\Component\Console\Output\ConsoleOutput))
#28 /home/sandeep/charity/views/github/charityfoundation/vendor/symfony/console/Application.php(118): Symfony\Component\Console\Application->doRun(Object(Symfony\Component\Console\Input\ArgvInput), Object(Symfony\Component\Console\Output\ConsoleOutput))
#29 /home/sandeep/charity/views/github/charityfoundation/vendor/laravel/framework/src/Illuminate/Foundation/Console/Kernel.php(122): Symfony\Component\Console\Application->run(Object(Symfony\Component\Console\Input\ArgvInput), Object(Symfony\Component\Console\Output\ConsoleOutput))
#30 /home/sandeep/charity/views/github/charityfoundation/artisan(35): Illuminate\Foundation\Console\Kernel->handle(Object(Symfony\Component\Console\Input\ArgvInput), Object(Symfony\Component\Console\Output\ConsoleOutput))
#31 {main}

Next Illuminate\Database\QueryException: SQLSTATE[HY000]: General error: 1364 Field 'user_card' doesn't have a default value (SQL: insert into `Donate_Project` (`created_at`, `project_cents`, `project_id`, `updated_at`, `user_id`) values (2016-10-27 18:36:51, 1000, 4, 2016-10-27 18:36:51, 3)) in /home/sandeep/charity/views/github/charityfoundation/vendor/laravel/framework/src/Illuminate/Database/Connection.php:764
Stack trace:
#0 /home/sandeep/charity/views/github/charityfoundation/vendor/laravel/framework/src/Illuminate/Database/Connection.php(720): Illuminate\Database\Connection->runQueryCallback('insert into `Do...', Array, Object(Closure))
#1 /home/sandeep/charity/views/github/charityfoundation/vendor/laravel/framework/src/Illuminate/Database/Connection.php(481): Illuminate\Database\Connection->run('insert into `Do...', Array, Object(Closure))
#2 /home/sandeep/charity/views/github/charityfoundation/vendor/laravel/framework/src/Illuminate/Database/Connection.php(435): Illuminate\Database\Connection->statement('insert into `Do...', Array)
#3 /home/sandeep/charity/views/github/charityfoundation/vendor/laravel/framework/src/Illuminate/Database/Query/Builder.php(2126): Illuminate\Database\Connection->insert('insert into `Do...', Array)
#4 /home/sandeep/charity/views/github/charityfoundation/vendor/laravel/framework/src/Illuminate/Database/Eloquent/Relations/BelongsToMany.php(1031): Illuminate\Database\Query\Builder->insert(Array)
#5 /home/sandeep/charity/views/github/charityfoundation/database/seeds/DonateProjectSeeder.php(19): Illuminate\Database\Eloquent\Relations\BelongsToMany->attach(Array)
#6 /home/sandeep/charity/views/github/charityfoundation/vendor/laravel/framework/src/Illuminate/Database/Seeder.php(39): DonateProjectSeeder->run()
#7 /home/sandeep/charity/views/github/charityfoundation/database/seeds/DatabaseSeeder.php(20): Illuminate\Database\Seeder->call('DonateProjectSe...')
#8 /home/sandeep/charity/views/github/charityfoundation/vendor/laravel/framework/src/Illuminate/Database/Console/Seeds/SeedCommand.php(63): DatabaseSeeder->run()
#9 /home/sandeep/charity/views/github/charityfoundation/vendor/laravel/framework/src/Illuminate/Database/Eloquent/Model.php(2280): Illuminate\Database\Console\Seeds\SeedCommand->Illuminate\Database\Console\Seeds\{closure}()
#10 /home/sandeep/charity/views/github/charityfoundation/vendor/laravel/framework/src/Illuminate/Database/Console/Seeds/SeedCommand.php(64): Illuminate\Database\Eloquent\Model::unguarded(Object(Closure))
#11 [internal function]: Illuminate\Database\Console\Seeds\SeedCommand->fire()
#12 /home/sandeep/charity/views/github/charityfoundation/vendor/laravel/framework/src/Illuminate/Container/Container.php(508): call_user_func_array(Array, Array)
#13 /home/sandeep/charity/views/github/charityfoundation/vendor/laravel/framework/src/Illuminate/Console/Command.php(169): Illuminate\Container\Container->call(Array)
#14 /home/sandeep/charity/views/github/charityfoundation/vendor/symfony/console/Command/Command.php(256): Illuminate\Console\Command->execute(Object(Symfony\Component\Console\Input\ArrayInput), Object(Illuminate\Console\OutputStyle))
#15 /home/sandeep/charity/views/github/charityfoundation/vendor/laravel/framework/src/Illuminate/Console/Command.php(155): Symfony\Component\Console\Command\Command->run(Object(Symfony\Component\Console\Input\ArrayInput), Object(Illuminate\Console\OutputStyle))
#16 /home/sandeep/charity/views/github/charityfoundation/vendor/laravel/framework/src/Illuminate/Console/Command.php(185): Illuminate\Console\Command->run(Object(Symfony\Component\Console\Input\ArrayInput), Object(Illuminate\Console\OutputStyle))
#17 /home/sandeep/charity/views/github/charityfoundation/vendor/laravel/framework/src/Illuminate/Database/Console/Migrations/RefreshCommand.php(96): Illuminate\Console\Command->call('db:seed', Array)
#18 /home/sandeep/charity/views/github/charityfoundation/vendor/laravel/framework/src/Illuminate/Database/Console/Migrations/RefreshCommand.php(69): Illuminate\Database\Console\Migrations\RefreshCommand->runSeeder(NULL)
#19 [internal function]: Illuminate\Database\Console\Migrations\RefreshCommand->fire()
#20 /home/sandeep/charity/views/github/charityfoundation/vendor/laravel/framework/src/Illuminate/Container/Container.php(508): call_user_func_array(Array, Array)
#21 /home/sandeep/charity/views/github/charityfoundation/vendor/laravel/framework/src/Illuminate/Console/Command.php(169): Illuminate\Container\Container->call(Array)
#22 /home/sandeep/charity/views/github/charityfoundation/vendor/symfony/console/Command/Command.php(256): Illuminate\Console\Command->execute(Object(Symfony\Component\Console\Input\ArgvInput), Object(Symfony\Component\Console\Output\ConsoleOutput))
#23 /home/sandeep/charity/views/github/charityfoundation/vendor/laravel/framework/src/Illuminate/Console/Command.php(155): Symfony\Component\Console\Command\Command->run(Object(Symfony\Component\Console\Input\ArgvInput), Object(Symfony\Component\Console\Output\ConsoleOutput))
#24 /home/sandeep/charity/views/github/charityfoundation/vendor/symfony/console/Application.php(820): Illuminate\Console\Command->run(Object(Symfony\Component\Console\Input\ArgvInput), Object(Symfony\Component\Console\Output\ConsoleOutput))
#25 /home/sandeep/charity/views/github/charityfoundation/vendor/symfony/console/Application.php(187): Symfony\Component\Console\Application->doRunCommand(Object(Illuminate\Database\Console\Migrations\RefreshCommand), Object(Symfony\Component\Console\Input\ArgvInput), Object(Symfony\Component\Console\Output\ConsoleOutput))
#26 /home/sandeep/charity/views/github/charityfoundation/vendor/symfony/console/Application.php(118): Symfony\Component\Console\Application->doRun(Object(Symfony\Component\Console\Input\ArgvInput), Object(Symfony\Component\Console\Output\ConsoleOutput))
#27 /home/sandeep/charity/views/github/charityfoundation/vendor/laravel/framework/src/Illuminate/Foundation/Console/Kernel.php(122): Symfony\Component\Console\Application->run(Object(Symfony\Component\Console\Input\ArgvInput), Object(Symfony\Component\Console\Output\ConsoleOutput))
#28 /home/sandeep/charity/views/github/charityfoundation/artisan(35): Illuminate\Foundation\Console\Kernel->handle(Object(Symfony\Component\Console\Input\ArgvInput), Object(Symfony\Component\Console\Output\ConsoleOutput))
#29 {main}  
[2016-10-27 23:55:04] local.ERROR: PDOException: SQLSTATE[42S01]: Base table or view already exists: 1050 Table 'user_card' already exists in /home/sandeep/charity/views/github/charityfoundation/vendor/laravel/framework/src/Illuminate/Database/Connection.php:480
Stack trace:
#0 /home/sandeep/charity/views/github/charityfoundation/vendor/laravel/framework/src/Illuminate/Database/Connection.php(480): PDOStatement->execute()
#1 /home/sandeep/charity/views/github/charityfoundation/vendor/laravel/framework/src/Illuminate/Database/Connection.php(757): Illuminate\Database\Connection->Illuminate\Database\{closure}(Object(Illuminate\Database\MySqlConnection), 'create table `u...', Array)
#2 /home/sandeep/charity/views/github/charityfoundation/vendor/laravel/framework/src/Illuminate/Database/Connection.php(720): Illuminate\Database\Connection->runQueryCallback('create table `u...', Array, Object(Closure))
#3 /home/sandeep/charity/views/github/charityfoundation/vendor/laravel/framework/src/Illuminate/Database/Connection.php(481): Illuminate\Database\Connection->run('create table `u...', Array, Object(Closure))
#4 /home/sandeep/charity/views/github/charityfoundation/vendor/laravel/framework/src/Illuminate/Database/Schema/Blueprint.php(83): Illuminate\Database\Connection->statement('create table `u...')
#5 /home/sandeep/charity/views/github/charityfoundation/vendor/laravel/framework/src/Illuminate/Database/Schema/Builder.php(229): Illuminate\Database\Schema\Blueprint->build(Object(Illuminate\Database\MySqlConnection), Object(Illuminate\Database\Schema\Grammars\MySqlGrammar))
#6 /home/sandeep/charity/views/github/charityfoundation/vendor/laravel/framework/src/Illuminate/Database/Schema/Builder.php(148): Illuminate\Database\Schema\Builder->build(Object(Illuminate\Database\Schema\Blueprint))
#7 /home/sandeep/charity/views/github/charityfoundation/vendor/laravel/framework/src/Illuminate/Support/Facades/Facade.php(237): Illuminate\Database\Schema\Builder->create('user_card', Object(Closure))
#8 /home/sandeep/charity/views/github/charityfoundation/database/migrations/2016_10_19_231825_create_userdonation_table.php(26): Illuminate\Support\Facades\Facade::__callStatic('create', Array)
#9 /home/sandeep/charity/views/github/charityfoundation/vendor/laravel/framework/src/Illuminate/Database/Migrations/Migrator.php(373): CreateUserdonationTable->up()
#10 /home/sandeep/charity/views/github/charityfoundation/vendor/laravel/framework/src/Illuminate/Database/Migrations/Migrator.php(380): Illuminate\Database\Migrations\Migrator->Illuminate\Database\Migrations\{closure}()
#11 /home/sandeep/charity/views/github/charityfoundation/vendor/laravel/framework/src/Illuminate/Database/Migrations/Migrator.php(162): Illuminate\Database\Migrations\Migrator->runMigration(Object(CreateUserdonationTable), 'up')
#12 /home/sandeep/charity/views/github/charityfoundation/vendor/laravel/framework/src/Illuminate/Database/Migrations/Migrator.php(130): Illuminate\Database\Migrations\Migrator->runUp('2016_10_19_2318...', 1, false)
#13 /home/sandeep/charity/views/github/charityfoundation/vendor/laravel/framework/src/Illuminate/Database/Migrations/Migrator.php(97): Illuminate\Database\Migrations\Migrator->runMigrationList(Array, Array)
#14 /home/sandeep/charity/views/github/charityfoundation/vendor/laravel/framework/src/Illuminate/Database/Console/Migrations/MigrateCommand.php(65): Illuminate\Database\Migrations\Migrator->run(Array, Array)
#15 [internal function]: Illuminate\Database\Console\Migrations\MigrateCommand->fire()
#16 /home/sandeep/charity/views/github/charityfoundation/vendor/laravel/framework/src/Illuminate/Container/Container.php(508): call_user_func_array(Array, Array)
#17 /home/sandeep/charity/views/github/charityfoundation/vendor/laravel/framework/src/Illuminate/Console/Command.php(169): Illuminate\Container\Container->call(Array)
#18 /home/sandeep/charity/views/github/charityfoundation/vendor/symfony/console/Command/Command.php(256): Illuminate\Console\Command->execute(Object(Symfony\Component\Console\Input\ArrayInput), Object(Illuminate\Console\OutputStyle))
#19 /home/sandeep/charity/views/github/charityfoundation/vendor/laravel/framework/src/Illuminate/Console/Command.php(155): Symfony\Component\Console\Command\Command->run(Object(Symfony\Component\Console\Input\ArrayInput), Object(Illuminate\Console\OutputStyle))
#20 /home/sandeep/charity/views/github/charityfoundation/vendor/laravel/framework/src/Illuminate/Console/Command.php(185): Illuminate\Console\Command->run(Object(Symfony\Component\Console\Input\ArrayInput), Object(Illuminate\Console\OutputStyle))
#21 /home/sandeep/charity/views/github/charityfoundation/vendor/laravel/framework/src/Illuminate/Database/Console/Migrations/RefreshCommand.php(65): Illuminate\Console\Command->call('migrate', Array)
#22 [internal function]: Illuminate\Database\Console\Migrations\RefreshCommand->fire()
#23 /home/sandeep/charity/views/github/charityfoundation/vendor/laravel/framework/src/Illuminate/Container/Container.php(508): call_user_func_array(Array, Array)
#24 /home/sandeep/charity/views/github/charityfoundation/vendor/laravel/framework/src/Illuminate/Console/Command.php(169): Illuminate\Container\Container->call(Array)
#25 /home/sandeep/charity/views/github/charityfoundation/vendor/symfony/console/Command/Command.php(256): Illuminate\Console\Command->execute(Object(Symfony\Component\Console\Input\ArgvInput), Object(Symfony\Component\Console\Output\ConsoleOutput))
#26 /home/sandeep/charity/views/github/charityfoundation/vendor/laravel/framework/src/Illuminate/Console/Command.php(155): Symfony\Component\Console\Command\Command->run(Object(Symfony\Component\Console\Input\ArgvInput), Object(Symfony\Component\Console\Output\ConsoleOutput))
#27 /home/sandeep/charity/views/github/charityfoundation/vendor/symfony/console/Application.php(820): Illuminate\Console\Command->run(Object(Symfony\Component\Console\Input\ArgvInput), Object(Symfony\Component\Console\Output\ConsoleOutput))
#28 /home/sandeep/charity/views/github/charityfoundation/vendor/symfony/console/Application.php(187): Symfony\Component\Console\Application->doRunCommand(Object(Illuminate\Database\Console\Migrations\RefreshCommand), Object(Symfony\Component\Console\Input\ArgvInput), Object(Symfony\Component\Console\Output\ConsoleOutput))
#29 /home/sandeep/charity/views/github/charityfoundation/vendor/symfony/console/Application.php(118): Symfony\Component\Console\Application->doRun(Object(Symfony\Component\Console\Input\ArgvInput), Object(Symfony\Component\Console\Output\ConsoleOutput))
#30 /home/sandeep/charity/views/github/charityfoundation/vendor/laravel/framework/src/Illuminate/Foundation/Console/Kernel.php(122): Symfony\Component\Console\Application->run(Object(Symfony\Component\Console\Input\ArgvInput), Object(Symfony\Component\Console\Output\ConsoleOutput))
#31 /home/sandeep/charity/views/github/charityfoundation/artisan(35): Illuminate\Foundation\Console\Kernel->handle(Object(Symfony\Component\Console\Input\ArgvInput), Object(Symfony\Component\Console\Output\ConsoleOutput))
#32 {main}

Next Illuminate\Database\QueryException: SQLSTATE[42S01]: Base table or view already exists: 1050 Table 'user_card' already exists (SQL: create table `user_card` (`id` int unsigned not null auto_increment primary key, `user_id` int not null, `card_num` varchar(255) not null, `cvv_num` varchar(255) not null, `expiry_date` varchar(255) not null, `name_card` varchar(255) not null, `zip_code` varchar(255) not null, `created_at` timestamp null, `updated_at` timestamp null) default character set utf8 collate utf8_unicode_ci) in /home/sandeep/charity/views/github/charityfoundation/vendor/laravel/framework/src/Illuminate/Database/Connection.php:764
Stack trace:
#0 /home/sandeep/charity/views/github/charityfoundation/vendor/laravel/framework/src/Illuminate/Database/Connection.php(720): Illuminate\Database\Connection->runQueryCallback('create table `u...', Array, Object(Closure))
#1 /home/sandeep/charity/views/github/charityfoundation/vendor/laravel/framework/src/Illuminate/Database/Connection.php(481): Illuminate\Database\Connection->run('create table `u...', Array, Object(Closure))
#2 /home/sandeep/charity/views/github/charityfoundation/vendor/laravel/framework/src/Illuminate/Database/Schema/Blueprint.php(83): Illuminate\Database\Connection->statement('create table `u...')
#3 /home/sandeep/charity/views/github/charityfoundation/vendor/laravel/framework/src/Illuminate/Database/Schema/Builder.php(229): Illuminate\Database\Schema\Blueprint->build(Object(Illuminate\Database\MySqlConnection), Object(Illuminate\Database\Schema\Grammars\MySqlGrammar))
#4 /home/sandeep/charity/views/github/charityfoundation/vendor/laravel/framework/src/Illuminate/Database/Schema/Builder.php(148): Illuminate\Database\Schema\Builder->build(Object(Illuminate\Database\Schema\Blueprint))
#5 /home/sandeep/charity/views/github/charityfoundation/vendor/laravel/framework/src/Illuminate/Support/Facades/Facade.php(237): Illuminate\Database\Schema\Builder->create('user_card', Object(Closure))
#6 /home/sandeep/charity/views/github/charityfoundation/database/migrations/2016_10_19_231825_create_userdonation_table.php(26): Illuminate\Support\Facades\Facade::__callStatic('create', Array)
#7 /home/sandeep/charity/views/github/charityfoundation/vendor/laravel/framework/src/Illuminate/Database/Migrations/Migrator.php(373): CreateUserdonationTable->up()
#8 /home/sandeep/charity/views/github/charityfoundation/vendor/laravel/framework/src/Illuminate/Database/Migrations/Migrator.php(380): Illuminate\Database\Migrations\Migrator->Illuminate\Database\Migrations\{closure}()
#9 /home/sandeep/charity/views/github/charityfoundation/vendor/laravel/framework/src/Illuminate/Database/Migrations/Migrator.php(162): Illuminate\Database\Migrations\Migrator->runMigration(Object(CreateUserdonationTable), 'up')
#10 /home/sandeep/charity/views/github/charityfoundation/vendor/laravel/framework/src/Illuminate/Database/Migrations/Migrator.php(130): Illuminate\Database\Migrations\Migrator->runUp('2016_10_19_2318...', 1, false)
#11 /home/sandeep/charity/views/github/charityfoundation/vendor/laravel/framework/src/Illuminate/Database/Migrations/Migrator.php(97): Illuminate\Database\Migrations\Migrator->runMigrationList(Array, Array)
#12 /home/sandeep/charity/views/github/charityfoundation/vendor/laravel/framework/src/Illuminate/Database/Console/Migrations/MigrateCommand.php(65): Illuminate\Database\Migrations\Migrator->run(Array, Array)
#13 [internal function]: Illuminate\Database\Console\Migrations\MigrateCommand->fire()
#14 /home/sandeep/charity/views/github/charityfoundation/vendor/laravel/framework/src/Illuminate/Container/Container.php(508): call_user_func_array(Array, Array)
#15 /home/sandeep/charity/views/github/charityfoundation/vendor/laravel/framework/src/Illuminate/Console/Command.php(169): Illuminate\Container\Container->call(Array)
#16 /home/sandeep/charity/views/github/charityfoundation/vendor/symfony/console/Command/Command.php(256): Illuminate\Console\Command->execute(Object(Symfony\Component\Console\Input\ArrayInput), Object(Illuminate\Console\OutputStyle))
#17 /home/sandeep/charity/views/github/charityfoundation/vendor/laravel/framework/src/Illuminate/Console/Command.php(155): Symfony\Component\Console\Command\Command->run(Object(Symfony\Component\Console\Input\ArrayInput), Object(Illuminate\Console\OutputStyle))
#18 /home/sandeep/charity/views/github/charityfoundation/vendor/laravel/framework/src/Illuminate/Console/Command.php(185): Illuminate\Console\Command->run(Object(Symfony\Component\Console\Input\ArrayInput), Object(Illuminate\Console\OutputStyle))
#19 /home/sandeep/charity/views/github/charityfoundation/vendor/laravel/framework/src/Illuminate/Database/Console/Migrations/RefreshCommand.php(65): Illuminate\Console\Command->call('migrate', Array)
#20 [internal function]: Illuminate\Database\Console\Migrations\RefreshCommand->fire()
#21 /home/sandeep/charity/views/github/charityfoundation/vendor/laravel/framework/src/Illuminate/Container/Container.php(508): call_user_func_array(Array, Array)
#22 /home/sandeep/charity/views/github/charityfoundation/vendor/laravel/framework/src/Illuminate/Console/Command.php(169): Illuminate\Container\Container->call(Array)
#23 /home/sandeep/charity/views/github/charityfoundation/vendor/symfony/console/Command/Command.php(256): Illuminate\Console\Command->execute(Object(Symfony\Component\Console\Input\ArgvInput), Object(Symfony\Component\Console\Output\ConsoleOutput))
#24 /home/sandeep/charity/views/github/charityfoundation/vendor/laravel/framework/src/Illuminate/Console/Command.php(155): Symfony\Component\Console\Command\Command->run(Object(Symfony\Component\Console\Input\ArgvInput), Object(Symfony\Component\Console\Output\ConsoleOutput))
#25 /home/sandeep/charity/views/github/charityfoundation/vendor/symfony/console/Application.php(820): Illuminate\Console\Command->run(Object(Symfony\Component\Console\Input\ArgvInput), Object(Symfony\Component\Console\Output\ConsoleOutput))
#26 /home/sandeep/charity/views/github/charityfoundation/vendor/symfony/console/Application.php(187): Symfony\Component\Console\Application->doRunCommand(Object(Illuminate\Database\Console\Migrations\RefreshCommand), Object(Symfony\Component\Console\Input\ArgvInput), Object(Symfony\Component\Console\Output\ConsoleOutput))
#27 /home/sandeep/charity/views/github/charityfoundation/vendor/symfony/console/Application.php(118): Symfony\Component\Console\Application->doRun(Object(Symfony\Component\Console\Input\ArgvInput), Object(Symfony\Component\Console\Output\ConsoleOutput))
#28 /home/sandeep/charity/views/github/charityfoundation/vendor/laravel/framework/src/Illuminate/Foundation/Console/Kernel.php(122): Symfony\Component\Console\Application->run(Object(Symfony\Component\Console\Input\ArgvInput), Object(Symfony\Component\Console\Output\ConsoleOutput))
#29 /home/sandeep/charity/views/github/charityfoundation/artisan(35): Illuminate\Foundation\Console\Kernel->handle(Object(Symfony\Component\Console\Input\ArgvInput), Object(Symfony\Component\Console\Output\ConsoleOutput))
#30 {main}  
[2016-10-27 23:55:36] local.INFO: {"id":2,"firstname":"hinata","lastname":"great","email":"hinate@great.com","avatar":"1474160631.jpg ","phonenum":"13466","street":"koni","aptNo":554,"state":"east","country":"leaf","zipcode":5451,"isAdmin":0,"created_at":null,"updated_at":null}  
[2016-10-27 23:55:36] local.INFO: 2  
[2016-10-27 23:55:36] local.INFO: {"id":3,"firstname":"Daisha","lastname":"Hickle","email":"kiley.white@wilkinson.org","avatar":"default.png","phonenum":"+1-519-810-1758","street":"nobis","aptNo":5238,"state":"PH","country":"USA","zipcode":97654,"isAdmin":0,"created_at":null,"updated_at":null}  
[2016-10-27 23:55:36] local.INFO: 3  
[2016-10-27 23:55:36] local.INFO: {"id":3,"firstname":"Daisha","lastname":"Hickle","email":"kiley.white@wilkinson.org","avatar":"default.png","phonenum":"+1-519-810-1758","street":"nobis","aptNo":5238,"state":"PH","country":"USA","zipcode":97654,"isAdmin":0,"created_at":null,"updated_at":null}  
[2016-10-27 23:55:36] local.INFO: 3  
[2016-10-27 23:55:36] local.INFO: {"id":3,"firstname":"Daisha","lastname":"Hickle","email":"kiley.white@wilkinson.org","avatar":"default.png","phonenum":"+1-519-810-1758","street":"nobis","aptNo":5238,"state":"PH","country":"USA","zipcode":97654,"isAdmin":0,"created_at":null,"updated_at":null}  
[2016-10-27 23:55:36] local.INFO: 4  
[2016-10-27 23:55:36] local.ERROR: PDOException: SQLSTATE[HY000]: General error: 1364 Field 'receipt_num' doesn't have a default value in /home/sandeep/charity/views/github/charityfoundation/vendor/laravel/framework/src/Illuminate/Database/Connection.php:480
Stack trace:
#0 /home/sandeep/charity/views/github/charityfoundation/vendor/laravel/framework/src/Illuminate/Database/Connection.php(480): PDOStatement->execute()
#1 /home/sandeep/charity/views/github/charityfoundation/vendor/laravel/framework/src/Illuminate/Database/Connection.php(757): Illuminate\Database\Connection->Illuminate\Database\{closure}(Object(Illuminate\Database\MySqlConnection), 'insert into `Do...', Array)
#2 /home/sandeep/charity/views/github/charityfoundation/vendor/laravel/framework/src/Illuminate/Database/Connection.php(720): Illuminate\Database\Connection->runQueryCallback('insert into `Do...', Array, Object(Closure))
#3 /home/sandeep/charity/views/github/charityfoundation/vendor/laravel/framework/src/Illuminate/Database/Connection.php(481): Illuminate\Database\Connection->run('insert into `Do...', Array, Object(Closure))
#4 /home/sandeep/charity/views/github/charityfoundation/vendor/laravel/framework/src/Illuminate/Database/Connection.php(435): Illuminate\Database\Connection->statement('insert into `Do...', Array)
#5 /home/sandeep/charity/views/github/charityfoundation/vendor/laravel/framework/src/Illuminate/Database/Query/Builder.php(2126): Illuminate\Database\Connection->insert('insert into `Do...', Array)
#6 /home/sandeep/charity/views/github/charityfoundation/vendor/laravel/framework/src/Illuminate/Database/Eloquent/Relations/BelongsToMany.php(1031): Illuminate\Database\Query\Builder->insert(Array)
#7 /home/sandeep/charity/views/github/charityfoundation/database/seeds/DonateProjectSeeder.php(19): Illuminate\Database\Eloquent\Relations\BelongsToMany->attach(Array)
#8 /home/sandeep/charity/views/github/charityfoundation/vendor/laravel/framework/src/Illuminate/Database/Seeder.php(39): DonateProjectSeeder->run()
#9 /home/sandeep/charity/views/github/charityfoundation/database/seeds/DatabaseSeeder.php(20): Illuminate\Database\Seeder->call('DonateProjectSe...')
#10 /home/sandeep/charity/views/github/charityfoundation/vendor/laravel/framework/src/Illuminate/Database/Console/Seeds/SeedCommand.php(63): DatabaseSeeder->run()
#11 /home/sandeep/charity/views/github/charityfoundation/vendor/laravel/framework/src/Illuminate/Database/Eloquent/Model.php(2280): Illuminate\Database\Console\Seeds\SeedCommand->Illuminate\Database\Console\Seeds\{closure}()
#12 /home/sandeep/charity/views/github/charityfoundation/vendor/laravel/framework/src/Illuminate/Database/Console/Seeds/SeedCommand.php(64): Illuminate\Database\Eloquent\Model::unguarded(Object(Closure))
#13 [internal function]: Illuminate\Database\Console\Seeds\SeedCommand->fire()
#14 /home/sandeep/charity/views/github/charityfoundation/vendor/laravel/framework/src/Illuminate/Container/Container.php(508): call_user_func_array(Array, Array)
#15 /home/sandeep/charity/views/github/charityfoundation/vendor/laravel/framework/src/Illuminate/Console/Command.php(169): Illuminate\Container\Container->call(Array)
#16 /home/sandeep/charity/views/github/charityfoundation/vendor/symfony/console/Command/Command.php(256): Illuminate\Console\Command->execute(Object(Symfony\Component\Console\Input\ArrayInput), Object(Illuminate\Console\OutputStyle))
#17 /home/sandeep/charity/views/github/charityfoundation/vendor/laravel/framework/src/Illuminate/Console/Command.php(155): Symfony\Component\Console\Command\Command->run(Object(Symfony\Component\Console\Input\ArrayInput), Object(Illuminate\Console\OutputStyle))
#18 /home/sandeep/charity/views/github/charityfoundation/vendor/laravel/framework/src/Illuminate/Console/Command.php(185): Illuminate\Console\Command->run(Object(Symfony\Component\Console\Input\ArrayInput), Object(Illuminate\Console\OutputStyle))
#19 /home/sandeep/charity/views/github/charityfoundation/vendor/laravel/framework/src/Illuminate/Database/Console/Migrations/RefreshCommand.php(96): Illuminate\Console\Command->call('db:seed', Array)
#20 /home/sandeep/charity/views/github/charityfoundation/vendor/laravel/framework/src/Illuminate/Database/Console/Migrations/RefreshCommand.php(69): Illuminate\Database\Console\Migrations\RefreshCommand->runSeeder(NULL)
#21 [internal function]: Illuminate\Database\Console\Migrations\RefreshCommand->fire()
#22 /home/sandeep/charity/views/github/charityfoundation/vendor/laravel/framework/src/Illuminate/Container/Container.php(508): call_user_func_array(Array, Array)
#23 /home/sandeep/charity/views/github/charityfoundation/vendor/laravel/framework/src/Illuminate/Console/Command.php(169): Illuminate\Container\Container->call(Array)
#24 /home/sandeep/charity/views/github/charityfoundation/vendor/symfony/console/Command/Command.php(256): Illuminate\Console\Command->execute(Object(Symfony\Component\Console\Input\ArgvInput), Object(Symfony\Component\Console\Output\ConsoleOutput))
#25 /home/sandeep/charity/views/github/charityfoundation/vendor/laravel/framework/src/Illuminate/Console/Command.php(155): Symfony\Component\Console\Command\Command->run(Object(Symfony\Component\Console\Input\ArgvInput), Object(Symfony\Component\Console\Output\ConsoleOutput))
#26 /home/sandeep/charity/views/github/charityfoundation/vendor/symfony/console/Application.php(820): Illuminate\Console\Command->run(Object(Symfony\Component\Console\Input\ArgvInput), Object(Symfony\Component\Console\Output\ConsoleOutput))
#27 /home/sandeep/charity/views/github/charityfoundation/vendor/symfony/console/Application.php(187): Symfony\Component\Console\Application->doRunCommand(Object(Illuminate\Database\Console\Migrations\RefreshCommand), Object(Symfony\Component\Console\Input\ArgvInput), Object(Symfony\Component\Console\Output\ConsoleOutput))
#28 /home/sandeep/charity/views/github/charityfoundation/vendor/symfony/console/Application.php(118): Symfony\Component\Console\Application->doRun(Object(Symfony\Component\Console\Input\ArgvInput), Object(Symfony\Component\Console\Output\ConsoleOutput))
#29 /home/sandeep/charity/views/github/charityfoundation/vendor/laravel/framework/src/Illuminate/Foundation/Console/Kernel.php(122): Symfony\Component\Console\Application->run(Object(Symfony\Component\Console\Input\ArgvInput), Object(Symfony\Component\Console\Output\ConsoleOutput))
#30 /home/sandeep/charity/views/github/charityfoundation/artisan(35): Illuminate\Foundation\Console\Kernel->handle(Object(Symfony\Component\Console\Input\ArgvInput), Object(Symfony\Component\Console\Output\ConsoleOutput))
#31 {main}

Next Illuminate\Database\QueryException: SQLSTATE[HY000]: General error: 1364 Field 'receipt_num' doesn't have a default value (SQL: insert into `Donate_Project` (`created_at`, `project_cents`, `project_id`, `updated_at`, `user_card`, `user_id`) values (2016-10-27 23:55:36, 1000, 4, 2016-10-27 23:55:36, 3, 3)) in /home/sandeep/charity/views/github/charityfoundation/vendor/laravel/framework/src/Illuminate/Database/Connection.php:764
Stack trace:
#0 /home/sandeep/charity/views/github/charityfoundation/vendor/laravel/framework/src/Illuminate/Database/Connection.php(720): Illuminate\Database\Connection->runQueryCallback('insert into `Do...', Array, Object(Closure))
#1 /home/sandeep/charity/views/github/charityfoundation/vendor/laravel/framework/src/Illuminate/Database/Connection.php(481): Illuminate\Database\Connection->run('insert into `Do...', Array, Object(Closure))
#2 /home/sandeep/charity/views/github/charityfoundation/vendor/laravel/framework/src/Illuminate/Database/Connection.php(435): Illuminate\Database\Connection->statement('insert into `Do...', Array)
#3 /home/sandeep/charity/views/github/charityfoundation/vendor/laravel/framework/src/Illuminate/Database/Query/Builder.php(2126): Illuminate\Database\Connection->insert('insert into `Do...', Array)
#4 /home/sandeep/charity/views/github/charityfoundation/vendor/laravel/framework/src/Illuminate/Database/Eloquent/Relations/BelongsToMany.php(1031): Illuminate\Database\Query\Builder->insert(Array)
#5 /home/sandeep/charity/views/github/charityfoundation/database/seeds/DonateProjectSeeder.php(19): Illuminate\Database\Eloquent\Relations\BelongsToMany->attach(Array)
#6 /home/sandeep/charity/views/github/charityfoundation/vendor/laravel/framework/src/Illuminate/Database/Seeder.php(39): DonateProjectSeeder->run()
#7 /home/sandeep/charity/views/github/charityfoundation/database/seeds/DatabaseSeeder.php(20): Illuminate\Database\Seeder->call('DonateProjectSe...')
#8 /home/sandeep/charity/views/github/charityfoundation/vendor/laravel/framework/src/Illuminate/Database/Console/Seeds/SeedCommand.php(63): DatabaseSeeder->run()
#9 /home/sandeep/charity/views/github/charityfoundation/vendor/laravel/framework/src/Illuminate/Database/Eloquent/Model.php(2280): Illuminate\Database\Console\Seeds\SeedCommand->Illuminate\Database\Console\Seeds\{closure}()
#10 /home/sandeep/charity/views/github/charityfoundation/vendor/laravel/framework/src/Illuminate/Database/Console/Seeds/SeedCommand.php(64): Illuminate\Database\Eloquent\Model::unguarded(Object(Closure))
#11 [internal function]: Illuminate\Database\Console\Seeds\SeedCommand->fire()
#12 /home/sandeep/charity/views/github/charityfoundation/vendor/laravel/framework/src/Illuminate/Container/Container.php(508): call_user_func_array(Array, Array)
#13 /home/sandeep/charity/views/github/charityfoundation/vendor/laravel/framework/src/Illuminate/Console/Command.php(169): Illuminate\Container\Container->call(Array)
#14 /home/sandeep/charity/views/github/charityfoundation/vendor/symfony/console/Command/Command.php(256): Illuminate\Console\Command->execute(Object(Symfony\Component\Console\Input\ArrayInput), Object(Illuminate\Console\OutputStyle))
#15 /home/sandeep/charity/views/github/charityfoundation/vendor/laravel/framework/src/Illuminate/Console/Command.php(155): Symfony\Component\Console\Command\Command->run(Object(Symfony\Component\Console\Input\ArrayInput), Object(Illuminate\Console\OutputStyle))
#16 /home/sandeep/charity/views/github/charityfoundation/vendor/laravel/framework/src/Illuminate/Console/Command.php(185): Illuminate\Console\Command->run(Object(Symfony\Component\Console\Input\ArrayInput), Object(Illuminate\Console\OutputStyle))
#17 /home/sandeep/charity/views/github/charityfoundation/vendor/laravel/framework/src/Illuminate/Database/Console/Migrations/RefreshCommand.php(96): Illuminate\Console\Command->call('db:seed', Array)
#18 /home/sandeep/charity/views/github/charityfoundation/vendor/laravel/framework/src/Illuminate/Database/Console/Migrations/RefreshCommand.php(69): Illuminate\Database\Console\Migrations\RefreshCommand->runSeeder(NULL)
#19 [internal function]: Illuminate\Database\Console\Migrations\RefreshCommand->fire()
#20 /home/sandeep/charity/views/github/charityfoundation/vendor/laravel/framework/src/Illuminate/Container/Container.php(508): call_user_func_array(Array, Array)
#21 /home/sandeep/charity/views/github/charityfoundation/vendor/laravel/framework/src/Illuminate/Console/Command.php(169): Illuminate\Container\Container->call(Array)
#22 /home/sandeep/charity/views/github/charityfoundation/vendor/symfony/console/Command/Command.php(256): Illuminate\Console\Command->execute(Object(Symfony\Component\Console\Input\ArgvInput), Object(Symfony\Component\Console\Output\ConsoleOutput))
#23 /home/sandeep/charity/views/github/charityfoundation/vendor/laravel/framework/src/Illuminate/Console/Command.php(155): Symfony\Component\Console\Command\Command->run(Object(Symfony\Component\Console\Input\ArgvInput), Object(Symfony\Component\Console\Output\ConsoleOutput))
#24 /home/sandeep/charity/views/github/charityfoundation/vendor/symfony/console/Application.php(820): Illuminate\Console\Command->run(Object(Symfony\Component\Console\Input\ArgvInput), Object(Symfony\Component\Console\Output\ConsoleOutput))
#25 /home/sandeep/charity/views/github/charityfoundation/vendor/symfony/console/Application.php(187): Symfony\Component\Console\Application->doRunCommand(Object(Illuminate\Database\Console\Migrations\RefreshCommand), Object(Symfony\Component\Console\Input\ArgvInput), Object(Symfony\Component\Console\Output\ConsoleOutput))
#26 /home/sandeep/charity/views/github/charityfoundation/vendor/symfony/console/Application.php(118): Symfony\Component\Console\Application->doRun(Object(Symfony\Component\Console\Input\ArgvInput), Object(Symfony\Component\Console\Output\ConsoleOutput))
#27 /home/sandeep/charity/views/github/charityfoundation/vendor/laravel/framework/src/Illuminate/Foundation/Console/Kernel.php(122): Symfony\Component\Console\Application->run(Object(Symfony\Component\Console\Input\ArgvInput), Object(Symfony\Component\Console\Output\ConsoleOutput))
#28 /home/sandeep/charity/views/github/charityfoundation/artisan(35): Illuminate\Foundation\Console\Kernel->handle(Object(Symfony\Component\Console\Input\ArgvInput), Object(Symfony\Component\Console\Output\ConsoleOutput))
#29 {main}  
[2016-10-27 23:57:27] local.INFO: {"id":2,"firstname":"hinata","lastname":"great","email":"hinate@great.com","avatar":"1474160631.jpg ","phonenum":"13466","street":"koni","aptNo":554,"state":"east","country":"leaf","zipcode":5451,"isAdmin":0,"created_at":null,"updated_at":null}  
[2016-10-27 23:57:27] local.INFO: 2  
[2016-10-27 23:57:27] local.INFO: {"id":3,"firstname":"Camryn","lastname":"Parker","email":"litzy.wehner@hotmail.com","avatar":"default.png","phonenum":"796-663-9833","street":"consequatur","aptNo":2062,"state":"PH","country":"USA","zipcode":97654,"isAdmin":0,"created_at":null,"updated_at":null}  
[2016-10-27 23:57:27] local.INFO: 3  
[2016-10-27 23:57:27] local.INFO: {"id":3,"firstname":"Camryn","lastname":"Parker","email":"litzy.wehner@hotmail.com","avatar":"default.png","phonenum":"796-663-9833","street":"consequatur","aptNo":2062,"state":"PH","country":"USA","zipcode":97654,"isAdmin":0,"created_at":null,"updated_at":null}  
[2016-10-27 23:57:27] local.INFO: 3  
[2016-10-27 23:57:27] local.INFO: {"id":3,"firstname":"Camryn","lastname":"Parker","email":"litzy.wehner@hotmail.com","avatar":"default.png","phonenum":"796-663-9833","street":"consequatur","aptNo":2062,"state":"PH","country":"USA","zipcode":97654,"isAdmin":0,"created_at":null,"updated_at":null}  
[2016-10-27 23:57:27] local.INFO: 4  
[2016-10-27 23:57:27] local.INFO: {"id":2,"firstname":"hinata","lastname":"great","email":"hinate@great.com","avatar":"1474160631.jpg ","phonenum":"13466","street":"koni","aptNo":554,"state":"east","country":"leaf","zipcode":5451,"isAdmin":0,"created_at":null,"updated_at":null}  
[2016-10-27 23:57:27] local.INFO: 4  
[2016-10-27 23:57:27] local.INFO: {"id":2,"firstname":"hinata","lastname":"great","email":"hinate@great.com","avatar":"1474160631.jpg ","phonenum":"13466","street":"koni","aptNo":554,"state":"east","country":"leaf","zipcode":5451,"isAdmin":0,"created_at":null,"updated_at":null}  
[2016-10-27 23:57:27] local.INFO: 5  
[2016-10-28 00:08:01] local.INFO: [{"id":1,"firstname":"Kai","lastname":"great","email":"kai@great.com","avatar":"1473652512.png","phonenum":"1234566","street":"heaven","aptNo":888,"state":"other world","country":"universe","zipcode":9009,"isAdmin":1,"created_at":null,"updated_at":null},{"id":2,"firstname":"hinata","lastname":"great","email":"hinate@great.com","avatar":"1474160631.jpg ","phonenum":"13466","street":"koni","aptNo":554,"state":"east","country":"leaf","zipcode":5451,"isAdmin":0,"created_at":null,"updated_at":null},{"id":3,"firstname":"Camryn","lastname":"Parker","email":"litzy.wehner@hotmail.com","avatar":"default.png","phonenum":"796-663-9833","street":"consequatur","aptNo":2062,"state":"PH","country":"USA","zipcode":97654,"isAdmin":0,"created_at":null,"updated_at":null},{"id":4,"firstname":"Celine","lastname":"Waters","email":"schoen.alba@schmidt.info","avatar":"default.png","phonenum":"385-655-1523","street":"est","aptNo":7893,"state":"PH","country":"USA","zipcode":97654,"isAdmin":0,"created_at":null,"updated_at":null},{"id":5,"firstname":"Nelle","lastname":"Gleason","email":"ritchie.clovis@gmail.com","avatar":"default.png","phonenum":"324-819-6019 x187","street":"eum","aptNo":5370,"state":"PH","country":"USA","zipcode":97654,"isAdmin":0,"created_at":null,"updated_at":null},{"id":6,"firstname":"Jakayla","lastname":"Bogan","email":"elyssa29@hills.com","avatar":"default.png","phonenum":"+1-581-545-8735","street":"eum","aptNo":2483,"state":"PH","country":"USA","zipcode":97654,"isAdmin":0,"created_at":null,"updated_at":null},{"id":7,"firstname":"Roy","lastname":"Kessler","email":"ehand@langworth.com","avatar":"default.png","phonenum":"584-851-7404 x6209","street":"consequatur","aptNo":2017,"state":"PH","country":"USA","zipcode":97654,"isAdmin":0,"created_at":null,"updated_at":null},{"id":8,"firstname":"Danny","lastname":"Bruen","email":"gaylord.phyllis@hirthe.com","avatar":"default.png","phonenum":"920-344-5697","street":"voluptatibus","aptNo":8742,"state":"PH","country":"USA","zipcode":97654,"isAdmin":0,"created_at":null,"updated_at":null},{"id":9,"firstname":"Vincent","lastname":"Koss","email":"bashirian.devon@yahoo.com","avatar":"default.png","phonenum":"290-883-7304","street":"assumenda","aptNo":4679,"state":"PH","country":"USA","zipcode":97654,"isAdmin":0,"created_at":null,"updated_at":null},{"id":10,"firstname":"Lessie","lastname":"Koss","email":"boyer.lelia@gorczany.com","avatar":"default.png","phonenum":"619.949.6497","street":"enim","aptNo":3936,"state":"PH","country":"USA","zipcode":97654,"isAdmin":0,"created_at":null,"updated_at":null}]  
[2016-10-28 00:09:43] local.INFO: [{"id":1,"firstname":"Kai","lastname":"great","email":"kai@great.com","avatar":"1473652512.png","phonenum":"1234566","street":"heaven","aptNo":888,"state":"other world","country":"universe","zipcode":9009,"isAdmin":1,"created_at":null,"updated_at":null},{"id":2,"firstname":"hinata","lastname":"great","email":"hinate@great.com","avatar":"1474160631.jpg ","phonenum":"13466","street":"koni","aptNo":554,"state":"east","country":"leaf","zipcode":5451,"isAdmin":0,"created_at":null,"updated_at":null},{"id":3,"firstname":"Camryn","lastname":"Parker","email":"litzy.wehner@hotmail.com","avatar":"default.png","phonenum":"796-663-9833","street":"consequatur","aptNo":2062,"state":"PH","country":"USA","zipcode":97654,"isAdmin":0,"created_at":null,"updated_at":null},{"id":4,"firstname":"Celine","lastname":"Waters","email":"schoen.alba@schmidt.info","avatar":"default.png","phonenum":"385-655-1523","street":"est","aptNo":7893,"state":"PH","country":"USA","zipcode":97654,"isAdmin":0,"created_at":null,"updated_at":null},{"id":5,"firstname":"Nelle","lastname":"Gleason","email":"ritchie.clovis@gmail.com","avatar":"default.png","phonenum":"324-819-6019 x187","street":"eum","aptNo":5370,"state":"PH","country":"USA","zipcode":97654,"isAdmin":0,"created_at":null,"updated_at":null},{"id":6,"firstname":"Jakayla","lastname":"Bogan","email":"elyssa29@hills.com","avatar":"default.png","phonenum":"+1-581-545-8735","street":"eum","aptNo":2483,"state":"PH","country":"USA","zipcode":97654,"isAdmin":0,"created_at":null,"updated_at":null},{"id":7,"firstname":"Roy","lastname":"Kessler","email":"ehand@langworth.com","avatar":"default.png","phonenum":"584-851-7404 x6209","street":"consequatur","aptNo":2017,"state":"PH","country":"USA","zipcode":97654,"isAdmin":0,"created_at":null,"updated_at":null},{"id":8,"firstname":"Danny","lastname":"Bruen","email":"gaylord.phyllis@hirthe.com","avatar":"default.png","phonenum":"920-344-5697","street":"voluptatibus","aptNo":8742,"state":"PH","country":"USA","zipcode":97654,"isAdmin":0,"created_at":null,"updated_at":null},{"id":9,"firstname":"Vincent","lastname":"Koss","email":"bashirian.devon@yahoo.com","avatar":"default.png","phonenum":"290-883-7304","street":"assumenda","aptNo":4679,"state":"PH","country":"USA","zipcode":97654,"isAdmin":0,"created_at":null,"updated_at":null},{"id":10,"firstname":"Lessie","lastname":"Koss","email":"boyer.lelia@gorczany.com","avatar":"default.png","phonenum":"619.949.6497","street":"enim","aptNo":3936,"state":"PH","country":"USA","zipcode":97654,"isAdmin":0,"created_at":null,"updated_at":null}]  
[2016-10-28 00:14:39] local.INFO: [{"id":1,"firstname":"Kai","lastname":"great","email":"kai@great.com","avatar":"1473652512.png","phonenum":"1234566","street":"heaven","aptNo":888,"state":"other world","country":"universe","zipcode":9009,"isAdmin":1,"created_at":null,"updated_at":null},{"id":2,"firstname":"hinata","lastname":"great","email":"hinate@great.com","avatar":"1474160631.jpg ","phonenum":"13466","street":"koni","aptNo":554,"state":"east","country":"leaf","zipcode":5451,"isAdmin":0,"created_at":null,"updated_at":null},{"id":3,"firstname":"Camryn","lastname":"Parker","email":"litzy.wehner@hotmail.com","avatar":"default.png","phonenum":"796-663-9833","street":"consequatur","aptNo":2062,"state":"PH","country":"USA","zipcode":97654,"isAdmin":0,"created_at":null,"updated_at":null},{"id":4,"firstname":"Celine","lastname":"Waters","email":"schoen.alba@schmidt.info","avatar":"default.png","phonenum":"385-655-1523","street":"est","aptNo":7893,"state":"PH","country":"USA","zipcode":97654,"isAdmin":0,"created_at":null,"updated_at":null},{"id":5,"firstname":"Nelle","lastname":"Gleason","email":"ritchie.clovis@gmail.com","avatar":"default.png","phonenum":"324-819-6019 x187","street":"eum","aptNo":5370,"state":"PH","country":"USA","zipcode":97654,"isAdmin":0,"created_at":null,"updated_at":null},{"id":6,"firstname":"Jakayla","lastname":"Bogan","email":"elyssa29@hills.com","avatar":"default.png","phonenum":"+1-581-545-8735","street":"eum","aptNo":2483,"state":"PH","country":"USA","zipcode":97654,"isAdmin":0,"created_at":null,"updated_at":null},{"id":7,"firstname":"Roy","lastname":"Kessler","email":"ehand@langworth.com","avatar":"default.png","phonenum":"584-851-7404 x6209","street":"consequatur","aptNo":2017,"state":"PH","country":"USA","zipcode":97654,"isAdmin":0,"created_at":null,"updated_at":null},{"id":8,"firstname":"Danny","lastname":"Bruen","email":"gaylord.phyllis@hirthe.com","avatar":"default.png","phonenum":"920-344-5697","street":"voluptatibus","aptNo":8742,"state":"PH","country":"USA","zipcode":97654,"isAdmin":0,"created_at":null,"updated_at":null},{"id":9,"firstname":"Vincent","lastname":"Koss","email":"bashirian.devon@yahoo.com","avatar":"default.png","phonenum":"290-883-7304","street":"assumenda","aptNo":4679,"state":"PH","country":"USA","zipcode":97654,"isAdmin":0,"created_at":null,"updated_at":null},{"id":10,"firstname":"Lessie","lastname":"Koss","email":"boyer.lelia@gorczany.com","avatar":"default.png","phonenum":"619.949.6497","street":"enim","aptNo":3936,"state":"PH","country":"USA","zipcode":97654,"isAdmin":0,"created_at":null,"updated_at":null}]  
[2016-10-28 00:14:42] local.INFO: [{"id":1,"firstname":"Kai","lastname":"great","email":"kai@great.com","avatar":"1473652512.png","phonenum":"1234566","street":"heaven","aptNo":888,"state":"other world","country":"universe","zipcode":9009,"isAdmin":1,"created_at":null,"updated_at":null},{"id":2,"firstname":"hinata","lastname":"great","email":"hinate@great.com","avatar":"1474160631.jpg ","phonenum":"13466","street":"koni","aptNo":554,"state":"east","country":"leaf","zipcode":5451,"isAdmin":0,"created_at":null,"updated_at":null},{"id":3,"firstname":"Camryn","lastname":"Parker","email":"litzy.wehner@hotmail.com","avatar":"default.png","phonenum":"796-663-9833","street":"consequatur","aptNo":2062,"state":"PH","country":"USA","zipcode":97654,"isAdmin":0,"created_at":null,"updated_at":null},{"id":4,"firstname":"Celine","lastname":"Waters","email":"schoen.alba@schmidt.info","avatar":"default.png","phonenum":"385-655-1523","street":"est","aptNo":7893,"state":"PH","country":"USA","zipcode":97654,"isAdmin":0,"created_at":null,"updated_at":null},{"id":5,"firstname":"Nelle","lastname":"Gleason","email":"ritchie.clovis@gmail.com","avatar":"default.png","phonenum":"324-819-6019 x187","street":"eum","aptNo":5370,"state":"PH","country":"USA","zipcode":97654,"isAdmin":0,"created_at":null,"updated_at":null},{"id":6,"firstname":"Jakayla","lastname":"Bogan","email":"elyssa29@hills.com","avatar":"default.png","phonenum":"+1-581-545-8735","street":"eum","aptNo":2483,"state":"PH","country":"USA","zipcode":97654,"isAdmin":0,"created_at":null,"updated_at":null},{"id":7,"firstname":"Roy","lastname":"Kessler","email":"ehand@langworth.com","avatar":"default.png","phonenum":"584-851-7404 x6209","street":"consequatur","aptNo":2017,"state":"PH","country":"USA","zipcode":97654,"isAdmin":0,"created_at":null,"updated_at":null},{"id":8,"firstname":"Danny","lastname":"Bruen","email":"gaylord.phyllis@hirthe.com","avatar":"default.png","phonenum":"920-344-5697","street":"voluptatibus","aptNo":8742,"state":"PH","country":"USA","zipcode":97654,"isAdmin":0,"created_at":null,"updated_at":null},{"id":9,"firstname":"Vincent","lastname":"Koss","email":"bashirian.devon@yahoo.com","avatar":"default.png","phonenum":"290-883-7304","street":"assumenda","aptNo":4679,"state":"PH","country":"USA","zipcode":97654,"isAdmin":0,"created_at":null,"updated_at":null},{"id":10,"firstname":"Lessie","lastname":"Koss","email":"boyer.lelia@gorczany.com","avatar":"default.png","phonenum":"619.949.6497","street":"enim","aptNo":3936,"state":"PH","country":"USA","zipcode":97654,"isAdmin":0,"created_at":null,"updated_at":null}]  
